<?xml version="1.0" encoding="UTF-8"?>
<!-- Generated by org.testng.reporters.JUnitReportReporter -->
<testsuite hostname="spring-ma.achievo.com" name="testTicketWeb.qiChe" tests="2" failures="0" timestamp="5 Nov 2015 06:38:35 GMT" time="16.154" errors="0">
  <testcase name="test000login" time="5.988" classname="testTicketWeb.qiChe"/>
  <testcase name="test012editQiChePiaoJia" time="10.166" classname="testTicketWeb.qiChe"/>
</testsuite> <!-- testTicketWeb.qiChe -->
