<?xml version="1.0" encoding="UTF-8"?>
<!-- Generated by org.testng.reporters.JUnitReportReporter -->
<testsuite hostname="troy-PC" name="testTicketWeb.qiChe" tests="5" failures="0" timestamp="7 Nov 2015 03:37:01 GMT" time="10.152" errors="0">
  <testcase name="test005login" time="0.001" classname="testTicketWeb.qiChe"/>
  <testcase name="test004login" time="0.001" classname="testTicketWeb.qiChe"/>
  <testcase name="test003login" time="0.000" classname="testTicketWeb.qiChe"/>
  <testcase name="test006login" time="0.001" classname="testTicketWeb.qiChe"/>
  <testcase name="test000login" time="10.149" classname="testTicketWeb.qiChe"/>
</testsuite> <!-- testTicketWeb.qiChe -->
