<?xml version="1.0" encoding="UTF-8"?>
<!-- Generated by org.testng.reporters.JUnitReportReporter -->
<testsuite hostname="spring-ma.achievo.com" name="testTicketWeb.baShi" tests="4" failures="0" timestamp="10 Nov 2015 05:21:17 GMT" time="5.828" errors="0">
  <testcase name="test004login" time="0.001" classname="testTicketWeb.baShi"/>
  <testcase name="test002login" time="0.000" classname="testTicketWeb.baShi"/>
  <testcase name="test003login" time="0.001" classname="testTicketWeb.baShi"/>
  <testcase name="test000login" time="5.826" classname="testTicketWeb.baShi"/>
</testsuite> <!-- testTicketWeb.baShi -->
