<?xml version="1.0" encoding="UTF-8"?>
<!-- Generated by org.testng.reporters.JUnitReportReporter -->
<testsuite hostname="spring-ma.achievo.com" name="testTicketWeb.baShi" tests="4" failures="0" timestamp="9 Nov 2015 08:23:04 GMT" time="7.694" errors="0">
  <testcase name="test000login" time="7.690" classname="testTicketWeb.baShi"/>
  <testcase name="test004login" time="0.001" classname="testTicketWeb.baShi"/>
  <testcase name="test002login" time="0.002" classname="testTicketWeb.baShi"/>
  <testcase name="test003login" time="0.001" classname="testTicketWeb.baShi"/>
</testsuite> <!-- testTicketWeb.baShi -->
