<?xml version="1.0" encoding="UTF-8"?>
<!-- Generated by org.testng.reporters.JUnitReportReporter -->
<testsuite hostname="wangxun" name="autotest.appautotest.testand" tests="1" failures="0" timestamp="2 Sep 2015 09:01:36 GMT" time="24.258" errors="0">
  <testcase name="test" time="24.258" classname="autotest.appautotest.testand"/>
</testsuite> <!-- autotest.appautotest.testand -->
