<?xml version="1.0" encoding="UTF-8"?>
<!-- Generated by org.testng.reporters.JUnitReportReporter -->
<testsuite hostname="troy-PC" name="testTicketWeb.qiChe" tests="2" failures="0" timestamp="3 Nov 2015 16:43:20 GMT" time="24.430" errors="0">
  <testcase name="test000login" time="4.634" classname="testTicketWeb.qiChe"/>
  <testcase name="test012editQiChePiaoJia" time="19.796" classname="testTicketWeb.qiChe"/>
</testsuite> <!-- testTicketWeb.qiChe -->
