<?xml version="1.0" encoding="UTF-8"?>
<!-- Generated by org.testng.reporters.JUnitReportReporter -->
<testsuite hostname="spring-ma.achievo.com" name="testTicketWeb.qiChe" tests="2" failures="0" timestamp="6 Nov 2015 10:00:38 GMT" time="6.045" errors="0">
  <testcase name="test000login" time="6.045" classname="testTicketWeb.qiChe"/>
  <testcase name="test012editQiChePiaoJia" time="0.000" classname="testTicketWeb.qiChe"/>
</testsuite> <!-- testTicketWeb.qiChe -->
