<?xml version="1.0" encoding="UTF-8"?>
<!-- Generated by org.testng.reporters.JUnitReportReporter -->
<testsuite hostname="PC-20090101UMEX" name="autotest.appautotest.test2" tests="2" failures="0" timestamp="1 Jul 2015 15:52:24 GMT" time="27.928" errors="0">
  <testcase name="baidu" time="10.988" classname="autotest.appautotest.test2"/>
  <testcase name="baidu" time="16.940" classname="autotest.appautotest.test2"/>
</testsuite> <!-- autotest.appautotest.test2 -->
