<?xml version="1.0" encoding="UTF-8"?>
<!-- Generated by org.testng.reporters.JUnitReportReporter -->
<testsuite hostname="troy-PC" name="autotest.appautotest.testand" tests="1" failures="0" timestamp="29 Aug 2015 15:57:22 GMT" time="30.667" errors="0">
  <testcase name="test" time="30.667" classname="autotest.appautotest.testand"/>
</testsuite> <!-- autotest.appautotest.testand -->
