<?xml version="1.0" encoding="UTF-8"?>
<!-- Generated by org.testng.reporters.JUnitReportReporter -->
<testsuite hostname="troy-PC" name="testTicketWeb.baShi" tests="4" failures="0" timestamp="7 Nov 2015 00:58:55 GMT" time="9.451" errors="0">
  <testcase name="test003login" time="0.002" classname="testTicketWeb.baShi"/>
  <testcase name="test000login" time="9.443" classname="testTicketWeb.baShi"/>
  <testcase name="test004login" time="0.003" classname="testTicketWeb.baShi"/>
  <testcase name="test002login" time="0.003" classname="testTicketWeb.baShi"/>
</testsuite> <!-- testTicketWeb.baShi -->
