<?xml version="1.0" encoding="UTF-8"?>
<!-- Generated by org.testng.reporters.JUnitReportReporter -->
<testsuite hostname="troy-PC" name="autotest.appautotest.testweb" tests="1" failures="0" timestamp="13 Oct 2015 15:29:08 GMT" time="7.961" errors="0">
  <testcase name="addBaShiXianLu" time="7.961" classname="autotest.appautotest.testweb"/>
</testsuite> <!-- autotest.appautotest.testweb -->
