<?xml version="1.0" encoding="UTF-8"?>
<!-- Generated by org.testng.reporters.JUnitReportReporter -->
<testsuite hostname="troy-PC" name="autotest.appautotest.testand" tests="1" failures="0" timestamp="30 Aug 2015 06:00:55 GMT" time="59.051" errors="1">
  <testcase name="test" time="59.051" classname="autotest.appautotest.testand">
    <error type="org.openqa.selenium.interactions.InvalidCoordinatesException" message="The coordinates provided to an interactions operation are invalid. (WARNING: The server did not provide any stacktrace information)
Command duration or timeout: 16 milliseconds
Build info: version: &#039;2.46.0&#039;, revision: &#039;61506a4624b13675f24581e453592342b7485d71&#039;, time: &#039;2015-06-04 10:22:50&#039;
System info: host: &#039;troy-PC&#039;, ip: &#039;192.168.235.1&#039;, os.name: &#039;Windows 7&#039;, os.arch: &#039;amd64&#039;, os.version: &#039;6.1&#039;, java.version: &#039;1.7.0_79&#039;
Session ID: 0ebc8c19-86fc-4580-8d87-a3c66719ba64
Driver info: io.appium.java_client.android.AndroidDriver
Capabilities [{platform=LINUX, app=F:\workplace\java\appautotest\testresource\apps\MainActivity.apk, javascriptEnabled=true, appActivity=com.example.testandroid.MainActivity, browserName=, networkConnectionEnabled=true, desired={app=F:\workplace\java\appautotest\testresource\apps\MainActivity.apk, platformVersion=4.4, deviceName=XiaoMi2, platformName=Android, appActivity=com.example.testandroid.MainActivity, browserName=, unicodeKeyboard=true, resetKeyboard=true, appPackage=com.example.testandroid}, locationContextEnabled=false, appPackage=com.example.testandroid, platformVersion=4.4.4, databaseEnabled=false, platformName=Android, deviceName=158e7d3a, webStorageEnabled=false, unicodeKeyboard=true, resetKeyboard=true, warnings={}, takesScreenshot=true}]">
      <![CDATA[org.openqa.selenium.interactions.InvalidCoordinatesException: The coordinates provided to an interactions operation are invalid. (WARNING: The server did not provide any stacktrace information)
Command duration or timeout: 16 milliseconds
Build info: version: '2.46.0', revision: '61506a4624b13675f24581e453592342b7485d71', time: '2015-06-04 10:22:50'
System info: host: 'troy-PC', ip: '192.168.235.1', os.name: 'Windows 7', os.arch: 'amd64', os.version: '6.1', java.version: '1.7.0_79'
Session ID: 0ebc8c19-86fc-4580-8d87-a3c66719ba64
Driver info: io.appium.java_client.android.AndroidDriver
Capabilities [{platform=LINUX, app=F:\workplace\java\appautotest\testresource\apps\MainActivity.apk, javascriptEnabled=true, appActivity=com.example.testandroid.MainActivity, browserName=, networkConnectionEnabled=true, desired={app=F:\workplace\java\appautotest\testresource\apps\MainActivity.apk, platformVersion=4.4, deviceName=XiaoMi2, platformName=Android, appActivity=com.example.testandroid.MainActivity, browserName=, unicodeKeyboard=true, resetKeyboard=true, appPackage=com.example.testandroid}, locationContextEnabled=false, appPackage=com.example.testandroid, platformVersion=4.4.4, databaseEnabled=false, platformName=Android, deviceName=158e7d3a, webStorageEnabled=false, unicodeKeyboard=true, resetKeyboard=true, warnings={}, takesScreenshot=true}]
	at sun.reflect.NativeConstructorAccessorImpl.newInstance0(Native Method)
	at sun.reflect.NativeConstructorAccessorImpl.newInstance(Unknown Source)
	at sun.reflect.DelegatingConstructorAccessorImpl.newInstance(Unknown Source)
	at java.lang.reflect.Constructor.newInstance(Unknown Source)
	at org.openqa.selenium.remote.ErrorHandler.createThrowable(ErrorHandler.java:204)
	at org.openqa.selenium.remote.ErrorHandler.throwIfResponseFailed(ErrorHandler.java:162)
	at org.openqa.selenium.remote.RemoteWebDriver.execute(RemoteWebDriver.java:605)
	at io.appium.java_client.DefaultGenericMobileDriver.execute(DefaultGenericMobileDriver.java:27)
	at io.appium.java_client.AppiumDriver.execute(AppiumDriver.java:1)
	at io.appium.java_client.android.AndroidDriver.execute(AndroidDriver.java:1)
	at io.appium.java_client.AppiumDriver.performTouchAction(AppiumDriver.java:380)
	at io.appium.java_client.MultiTouchAction.perform(MultiTouchAction.java:75)
	at io.appium.java_client.AppiumDriver.tap(AppiumDriver.java:421)
	at base.AndroidApp.tab(AndroidApp.java:253)
	at base.AndroidApp.longTab(AndroidApp.java:261)
	at autotest.appautotest.testand.test(testand.java:111)
	at sun.reflect.NativeMethodAccessorImpl.invoke0(Native Method)
	at sun.reflect.NativeMethodAccessorImpl.invoke(Unknown Source)
	at sun.reflect.DelegatingMethodAccessorImpl.invoke(Unknown Source)
	at java.lang.reflect.Method.invoke(Unknown Source)
	at org.testng.internal.MethodInvocationHelper.invokeMethod(MethodInvocationHelper.java:85)
	at org.testng.internal.Invoker.invokeMethod(Invoker.java:659)
	at org.testng.internal.Invoker.invokeTestMethod(Invoker.java:845)
	at org.testng.internal.Invoker.invokeTestMethods(Invoker.java:1153)
	at org.testng.internal.TestMethodWorker.invokeTestMethods(TestMethodWorker.java:125)
	at org.testng.internal.TestMethodWorker.run(TestMethodWorker.java:108)
	at org.testng.TestRunner.privateRun(TestRunner.java:771)
	at org.testng.TestRunner.run(TestRunner.java:621)
	at org.testng.SuiteRunner.runTest(SuiteRunner.java:357)
	at org.testng.SuiteRunner.runSequentially(SuiteRunner.java:352)
	at org.testng.SuiteRunner.privateRun(SuiteRunner.java:310)
	at org.testng.SuiteRunner.run(SuiteRunner.java:259)
	at org.testng.SuiteRunnerWorker.runSuite(SuiteRunnerWorker.java:52)
	at org.testng.SuiteRunnerWorker.run(SuiteRunnerWorker.java:86)
	at org.testng.TestNG.runSuitesSequentially(TestNG.java:1199)
	at org.testng.TestNG.runSuitesLocally(TestNG.java:1124)
	at org.testng.TestNG.run(TestNG.java:1032)
	at org.testng.remote.RemoteTestNG.run(RemoteTestNG.java:111)
	at org.testng.remote.RemoteTestNG.initAndRun(RemoteTestNG.java:204)
	at org.testng.remote.RemoteTestNG.main(RemoteTestNG.java:175)
]]>
    </error>
  </testcase> <!-- test -->
</testsuite> <!-- autotest.appautotest.testand -->
