<?xml version="1.0" encoding="UTF-8"?>
<!-- Generated by org.testng.reporters.JUnitReportReporter -->
<testsuite hostname="spring-ma.achievo.com" name="testTicketWeb.baShi" tests="1" failures="0" timestamp="5 Nov 2015 08:12:35 GMT" time="4.329" errors="0">
  <testcase name="test000login" time="4.329" classname="testTicketWeb.baShi"/>
</testsuite> <!-- testTicketWeb.baShi -->
