<?xml version="1.0" encoding="UTF-8"?>
<!-- Generated by org.testng.reporters.JUnitReportReporter -->
<testsuite hostname="wangxun" name="autotest.appautotest.testweb" tests="6" failures="0" timestamp="13 Oct 2015 03:29:11 GMT" time="96.450" errors="0">
  <testcase name="test" time="12.936" classname="autotest.appautotest.testweb"/>
  <testcase name="test" time="13.450" classname="autotest.appautotest.testweb"/>
  <testcase name="test" time="13.548" classname="autotest.appautotest.testweb"/>
  <testcase name="test" time="30.237" classname="autotest.appautotest.testweb"/>
  <testcase name="test" time="13.233" classname="autotest.appautotest.testweb"/>
  <testcase name="test" time="13.046" classname="autotest.appautotest.testweb"/>
</testsuite> <!-- autotest.appautotest.testweb -->
