<?xml version="1.0" encoding="UTF-8"?>
<!-- Generated by org.testng.reporters.JUnitReportReporter -->
<testsuite hostname="troy-PC" name="testTicketWeb.baShi" tests="4" failures="0" timestamp="13 Nov 2015 15:38:25 GMT" time="6.378" errors="0">
  <testcase name="test002login" time="1.391" classname="testTicketWeb.baShi"/>
  <testcase name="test000login" time="4.396" classname="testTicketWeb.baShi"/>
  <testcase name="test003login" time="0.001" classname="testTicketWeb.baShi"/>
  <testcase name="test004login" time="0.590" classname="testTicketWeb.baShi"/>
</testsuite> <!-- testTicketWeb.baShi -->
