<?xml version="1.0" encoding="UTF-8"?>
<!-- Generated by org.testng.reporters.JUnitReportReporter -->
<testsuite hostname="troy-PC" name="testTicketWeb.qiChe" tests="2" failures="0" timestamp="4 Nov 2015 16:08:30 GMT" time="7.522" errors="0">
  <testcase name="test000login" time="3.121" classname="testTicketWeb.qiChe"/>
  <testcase name="test012editQiChePiaoJia" time="4.401" classname="testTicketWeb.qiChe"/>
</testsuite> <!-- testTicketWeb.qiChe -->
