<?xml version="1.0" encoding="UTF-8"?>
<!-- Generated by org.testng.reporters.JUnitReportReporter -->
<testsuite hostname="troy-PC" name="autotest.appautotest.testa" tests="1" failures="0" timestamp="25 Sep 2015 14:39:02 GMT" time="57.861" errors="0">
  <testcase name="login" time="57.861" classname="autotest.appautotest.testa"/>
</testsuite> <!-- autotest.appautotest.testa -->
