<?xml version="1.0" encoding="UTF-8"?>
<!-- Generated by org.testng.reporters.JUnitReportReporter -->
<testsuite hostname="wangxun" name="autotest.appautotest.test2" tests="2" failures="0" timestamp="30 Jun 2015 07:46:35 GMT" time="24.236" errors="0">
  <testcase name="xinwen" time="10.522" classname="autotest.appautotest.test2"/>
  <testcase name="guanyubaidu" time="13.714" classname="autotest.appautotest.test2"/>
</testsuite> <!-- autotest.appautotest.test2 -->
