<?xml version="1.0" encoding="UTF-8"?>
<!-- Generated by org.testng.reporters.JUnitReportReporter -->
<testsuite hostname="spring-ma.achievo.com" name="autotest.appautotest.testweb" tests="12" failures="0" timestamp="14 Oct 2015 05:42:58 GMT" time="86.322" errors="0">
  <testcase name="addBaShiLuDuan" time="16.403" classname="autotest.appautotest.testweb"/>
  <testcase name="addBaShiLuDuan" time="6.898" classname="autotest.appautotest.testweb"/>
  <testcase name="addBaShiLuDuan" time="6.710" classname="autotest.appautotest.testweb"/>
  <testcase name="addBaShiLuDuan" time="6.338" classname="autotest.appautotest.testweb"/>
  <testcase name="addBaShiLuDuan" time="6.713" classname="autotest.appautotest.testweb"/>
  <testcase name="addBaShiLuDuan" time="5.808" classname="autotest.appautotest.testweb"/>
  <testcase name="addBaShiLuDuan" time="6.296" classname="autotest.appautotest.testweb"/>
  <testcase name="addBaShiLuDuan" time="6.311" classname="autotest.appautotest.testweb"/>
  <testcase name="addBaShiLuDuan" time="5.627" classname="autotest.appautotest.testweb"/>
  <testcase name="addBaShiLuDuan" time="7.045" classname="autotest.appautotest.testweb"/>
  <testcase name="addBaShiLuDuan" time="6.130" classname="autotest.appautotest.testweb"/>
  <testcase name="addBaShiLuDuan" time="6.043" classname="autotest.appautotest.testweb"/>
</testsuite> <!-- autotest.appautotest.testweb -->
