<?xml version="1.0" encoding="UTF-8"?>
<!-- Generated by org.testng.reporters.JUnitReportReporter -->
<testsuite hostname="troy-PC" name="autotest.appautotest.test1" tests="1" failures="0" timestamp="3 Jul 2015 17:11:26 GMT" time="43.252" errors="0">
  <testcase name="addContact" time="43.252" classname="autotest.appautotest.test1"/>
</testsuite> <!-- autotest.appautotest.test1 -->
