<?xml version="1.0" encoding="UTF-8"?>
<!-- Generated by org.testng.reporters.JUnitReportReporter -->
<testsuite hostname="troy-PC" name="autotest.appautotest.testandroid" tests="1" failures="0" timestamp="24 Aug 2015 13:08:54 GMT" time="8.004" errors="0">
  <testcase name="rrr" time="8.004" classname="autotest.appautotest.testandroid"/>
</testsuite> <!-- autotest.appautotest.testandroid -->
