<?xml version="1.0" encoding="UTF-8"?>
<!-- Generated by org.testng.reporters.JUnitReportReporter -->
<testsuite hostname="troy-PC" name="autotest.appautotest.testa" tests="1" failures="0" timestamp="24 Oct 2015 12:23:26 GMT" time="49.524" errors="0">
  <testcase name="login" time="49.524" classname="autotest.appautotest.testa"/>
</testsuite> <!-- autotest.appautotest.testa -->
