<?xml version="1.0" encoding="UTF-8"?>
<!-- Generated by org.testng.reporters.JUnitReportReporter -->
<testsuite hostname="troy-PC" name="testTicketWeb.baShi" tests="1" failures="0" timestamp="14 Nov 2015 06:08:08 GMT" time="4.151" errors="0">
  <testcase name="test000login" time="4.151" classname="testTicketWeb.baShi"/>
</testsuite> <!-- testTicketWeb.baShi -->
