<?xml version="1.0" encoding="UTF-8"?>
<!-- Generated by org.testng.reporters.JUnitReportReporter -->
<testsuite hostname="wangxun" name="testTicketWeb.baShi" tests="4" failures="0" timestamp="10 Nov 2015 08:52:54 GMT" time="23.077" errors="0">
  <testcase name="test000login" time="23.074" classname="testTicketWeb.baShi"/>
  <testcase name="test003login" time="0.001" classname="testTicketWeb.baShi"/>
  <testcase name="test004login" time="0.001" classname="testTicketWeb.baShi"/>
  <testcase name="test002login" time="0.001" classname="testTicketWeb.baShi"/>
</testsuite> <!-- testTicketWeb.baShi -->
