<?xml version="1.0" encoding="UTF-8"?>
<!-- Generated by org.testng.reporters.JUnitReportReporter -->
<testsuite hostname="troy-PC" name="autotest.appautotest.testa" tests="1" failures="0" timestamp="19 Oct 2015 14:01:13 GMT" time="67.420" errors="0">
  <testcase name="login" time="67.420" classname="autotest.appautotest.testa"/>
</testsuite> <!-- autotest.appautotest.testa -->
