<?xml version="1.0" encoding="UTF-8"?>
<!-- Generated by org.testng.reporters.JUnitReportReporter -->
<testsuite hostname="troy-PC" name="testTicketWeb.cheDuiAndCheLiang" tests="1" failures="0" timestamp="24 Oct 2015 11:06:03 GMT" time="9.891" errors="0">
  <testcase name="addCheDui" time="9.891" classname="testTicketWeb.cheDuiAndCheLiang"/>
</testsuite> <!-- testTicketWeb.cheDuiAndCheLiang -->
