<?xml version="1.0" encoding="UTF-8"?>
<!-- Generated by org.testng.reporters.JUnitReportReporter -->
<testsuite hostname="troy-PC" name="autotest.appautotest.testweb" tests="6" failures="0" timestamp="14 Oct 2015 15:41:31 GMT" time="39.802" errors="0">
  <testcase name="addCheLiang" time="5.718" classname="autotest.appautotest.testweb"/>
  <testcase name="addCheLiang" time="5.799" classname="autotest.appautotest.testweb"/>
  <testcase name="addCheLiang" time="5.781" classname="autotest.appautotest.testweb"/>
  <testcase name="addCheLiang" time="5.968" classname="autotest.appautotest.testweb"/>
  <testcase name="addCheLiang" time="6.088" classname="autotest.appautotest.testweb"/>
  <testcase name="addCheLiang" time="10.448" classname="autotest.appautotest.testweb"/>
</testsuite> <!-- autotest.appautotest.testweb -->
