<?xml version="1.0" encoding="UTF-8"?>
<!-- Generated by org.testng.reporters.JUnitReportReporter -->
<testsuite hostname="spring-ma.achievo.com" name="testTicketWeb.qiChe" tests="2" failures="0" timestamp="5 Nov 2015 10:15:08 GMT" time="10.971" errors="0">
  <testcase name="test012editQiChePiaoJia" time="5.131" classname="testTicketWeb.qiChe"/>
  <testcase name="test000login" time="5.840" classname="testTicketWeb.qiChe"/>
</testsuite> <!-- testTicketWeb.qiChe -->
