<?xml version="1.0" encoding="UTF-8"?>
<!-- Generated by org.testng.reporters.JUnitReportReporter -->
<testsuite hostname="troy-PC" name="autotest.appautotest.testa" tests="1" failures="0" timestamp="25 Oct 2015 13:41:48 GMT" time="58.179" errors="0">
  <testcase name="login" time="58.179" classname="autotest.appautotest.testa"/>
</testsuite> <!-- autotest.appautotest.testa -->
