<?xml version="1.0" encoding="UTF-8"?>
<!-- Generated by org.testng.reporters.JUnitReportReporter -->
<testsuite hostname="troy-PC" name="autotest.appautotest.testa" tests="1" failures="0" timestamp="14 Nov 2015 06:32:00 GMT" time="31.570" errors="0">
  <testcase name="enterMainPage" time="31.570" classname="autotest.appautotest.testa"/>
</testsuite> <!-- autotest.appautotest.testa -->
