<?xml version="1.0" encoding="UTF-8"?>
<!-- Generated by org.testng.reporters.JUnitReportReporter -->
<testsuite hostname="troy-PC" name="testTicketWeb.qiChe" tests="2" failures="0" timestamp="5 Nov 2015 15:30:43 GMT" time="9.917" errors="0">
  <testcase name="test012editQiChePiaoJia" time="5.222" classname="testTicketWeb.qiChe"/>
  <testcase name="test000login" time="4.695" classname="testTicketWeb.qiChe"/>
</testsuite> <!-- testTicketWeb.qiChe -->
