<?xml version="1.0" encoding="UTF-8"?>
<!-- Generated by org.testng.reporters.JUnitReportReporter -->
<testsuite hostname="troy-PC" name="testTicketWeb.qiChe" tests="1" failures="0" timestamp="24 Oct 2015 08:19:55 GMT" time="21.784" errors="0">
  <testcase name="test003editQiChePiaoJia" time="21.784" classname="testTicketWeb.qiChe"/>
</testsuite> <!-- testTicketWeb.qiChe -->
