<?xml version="1.0" encoding="UTF-8"?>
<!-- Generated by org.testng.reporters.JUnitReportReporter -->
<testsuite hostname="WangmatoMac-mini.local" name="testTicketWeb.qiChe" tests="2" failures="0" timestamp="4 Nov 2015 02:23:33 GMT" time="63.952" errors="0">
  <testcase name="test000login" time="11.431" classname="testTicketWeb.qiChe"/>
  <testcase name="test012editQiChePiaoJia" time="52.521" classname="testTicketWeb.qiChe"/>
</testsuite> <!-- testTicketWeb.qiChe -->
