<?xml version="1.0" encoding="UTF-8"?>
<!-- Generated by org.testng.reporters.JUnitReportReporter -->
<testsuite hostname="troy-PC" name="autotest.appautotest.testweb" tests="1" failures="0" timestamp="15 Oct 2015 13:35:31 GMT" time="190.894" errors="0">
  <testcase name="editBaShiPiaoJia" time="190.894" classname="autotest.appautotest.testweb"/>
</testsuite> <!-- autotest.appautotest.testweb -->
