<?xml version="1.0" encoding="UTF-8"?>
<!-- Generated by org.testng.reporters.JUnitReportReporter -->
<testsuite hostname="troy-PC" name="testTicketWeb.cheDuiAndCheLiang" tests="1" failures="0" timestamp="25 Oct 2015 09:26:53 GMT" time="20.306" errors="0">
  <testcase name="addCheDui" time="20.306" classname="testTicketWeb.cheDuiAndCheLiang"/>
</testsuite> <!-- testTicketWeb.cheDuiAndCheLiang -->
