<?xml version="1.0" encoding="UTF-8"?>
<!-- Generated by org.testng.reporters.JUnitReportReporter -->
<testsuite hostname="troy-PC" name="autotest.appautotest.test2" tests="4" failures="0" timestamp="30 Jun 2015 14:53:10 GMT" time="50.956" errors="0">
  <testcase name="baidu" time="11.184" classname="autotest.appautotest.test2"/>
  <testcase name="xinwen" time="5.001" classname="autotest.appautotest.test2"/>
  <testcase name="baidu" time="11.049" classname="autotest.appautotest.test2"/>
  <testcase name="guanyubaidu" time="23.722" classname="autotest.appautotest.test2"/>
</testsuite> <!-- autotest.appautotest.test2 -->
