<?xml version="1.0" encoding="UTF-8"?>
<!-- Generated by org.testng.reporters.JUnitReportReporter -->
<testsuite hostname="troy-PC" name="testTicketWeb.baShi" tests="1" failures="0" timestamp="4 Nov 2015 14:42:30 GMT" time="3.203" errors="0">
  <testcase name="test000login" time="3.203" classname="testTicketWeb.baShi"/>
</testsuite> <!-- testTicketWeb.baShi -->
