<?xml version="1.0" encoding="UTF-8"?>
<!-- Generated by org.testng.reporters.JUnitReportReporter -->
<testsuite hostname="spring-ma.achievo.com" name="testTicketWeb.qiChe" tests="1" failures="0" timestamp="19 Oct 2015 02:22:35 GMT" time="55.174" errors="0">
  <testcase name="test003editQiChePiaoJia" time="55.174" classname="testTicketWeb.qiChe"/>
</testsuite> <!-- testTicketWeb.qiChe -->
