<?xml version="1.0" encoding="UTF-8"?>
<!-- Generated by org.testng.reporters.JUnitReportReporter -->
<testsuite hostname="troy-PC" name="autotest.appautotest.testweb" tests="5" failures="0" timestamp="9 Oct 2015 16:06:54 GMT" time="14.297" errors="0">
  <testcase name="test" time="0.444" classname="autotest.appautotest.testweb"/>
  <testcase name="test" time="0.644" classname="autotest.appautotest.testweb"/>
  <testcase name="test" time="0.455" classname="autotest.appautotest.testweb"/>
  <testcase name="test" time="0.508" classname="autotest.appautotest.testweb"/>
  <testcase name="test" time="12.246" classname="autotest.appautotest.testweb"/>
</testsuite> <!-- autotest.appautotest.testweb -->
