<?xml version="1.0" encoding="UTF-8"?>
<!-- Generated by org.testng.reporters.JUnitReportReporter -->
<testsuite hostname="troy-PC" name="testTicketWeb.cheDuiAndCheLiang" tests="6" failures="0" timestamp="22 Oct 2015 13:49:19 GMT" time="42.678" errors="0">
  <testcase name="addCheLiang" time="5.909" classname="testTicketWeb.cheDuiAndCheLiang"/>
  <testcase name="addCheLiang" time="5.718" classname="testTicketWeb.cheDuiAndCheLiang"/>
  <testcase name="addCheLiang" time="5.592" classname="testTicketWeb.cheDuiAndCheLiang"/>
  <testcase name="addCheLiang" time="14.792" classname="testTicketWeb.cheDuiAndCheLiang"/>
  <testcase name="addCheLiang" time="5.694" classname="testTicketWeb.cheDuiAndCheLiang"/>
  <testcase name="addCheLiang" time="4.973" classname="testTicketWeb.cheDuiAndCheLiang"/>
</testsuite> <!-- testTicketWeb.cheDuiAndCheLiang -->
