<?xml version="1.0" encoding="UTF-8"?>
<!-- Generated by org.testng.reporters.JUnitReportReporter -->
<testsuite hostname="troy-PC" name="testTicketWeb.baShi" tests="1" failures="0" timestamp="14 Nov 2015 03:02:16 GMT" time="10.049" errors="0">
  <testcase name="test000login" time="10.049" classname="testTicketWeb.baShi"/>
</testsuite> <!-- testTicketWeb.baShi -->
