<?xml version="1.0" encoding="UTF-8"?>
<!-- Generated by org.testng.reporters.JUnitReportReporter -->
<testsuite hostname="troy-PC" name="autotest.appautotest.testweb" tests="1" failures="0" timestamp="13 Oct 2015 13:14:42 GMT" time="52.425" errors="0">
  <testcase name="addBaShiStation" time="52.425" classname="autotest.appautotest.testweb"/>
</testsuite> <!-- autotest.appautotest.testweb -->
