<?xml version="1.0" encoding="UTF-8"?>
<!-- Generated by org.testng.reporters.JUnitReportReporter -->
<testsuite hostname="troy-PC" name="autotest.appautotest.testa" tests="1" failures="0" timestamp="21 Oct 2015 16:15:35 GMT" time="78.021" errors="0">
  <testcase name="login" time="78.021" classname="autotest.appautotest.testa"/>
</testsuite> <!-- autotest.appautotest.testa -->
