<?xml version="1.0" encoding="UTF-8"?>
<!-- Generated by org.testng.reporters.JUnitReportReporter -->
<testsuite hostname="troy-PC" name="autotest.appautotest.testweb" tests="1" failures="0" timestamp="26 Aug 2015 13:20:58 GMT" time="24.843" errors="0">
  <testcase name="test" time="24.843" classname="autotest.appautotest.testweb"/>
</testsuite> <!-- autotest.appautotest.testweb -->
