<?xml version="1.0" encoding="UTF-8"?>
<!-- Generated by org.testng.reporters.JUnitReportReporter -->
<testsuite hostname="troy-PC" name="testTicketWeb.qiChe" tests="1" failures="0" timestamp="18 Oct 2015 09:11:35 GMT" time="63.982" errors="0">
  <testcase name="test003editQiChePiaoJia" time="63.982" classname="testTicketWeb.qiChe"/>
</testsuite> <!-- testTicketWeb.qiChe -->
