<?xml version="1.0" encoding="UTF-8"?>
<!-- Generated by org.testng.reporters.JUnitReportReporter -->
<testsuite hostname="wangxun" name="autotest.appautotest.testweb" tests="1" failures="0" timestamp="26 Aug 2015 10:17:34 GMT" time="13.857" errors="0">
  <testcase name="test" time="13.857" classname="autotest.appautotest.testweb"/>
</testsuite> <!-- autotest.appautotest.testweb -->
