<?xml version="1.0" encoding="UTF-8"?>
<!-- Generated by org.testng.reporters.JUnitReportReporter -->
<testsuite hostname="wangxun" name="autotest.appautotest.testweb" tests="1" failures="0" timestamp="24 Aug 2015 10:04:19 GMT" time="17.400" errors="0">
  <testcase name="rrr" time="17.400" classname="autotest.appautotest.testweb"/>
</testsuite> <!-- autotest.appautotest.testweb -->
