<?xml version="1.0" encoding="UTF-8"?>
<!-- Generated by org.testng.reporters.JUnitReportReporter -->
<testsuite hostname="spring-ma.achievo.com" name="autotest.appautotest.testweb" tests="1" failures="0" timestamp="15 Oct 2015 06:38:50 GMT" time="48.174" errors="0">
  <testcase name="addSiJi" time="48.174" classname="autotest.appautotest.testweb"/>
</testsuite> <!-- autotest.appautotest.testweb -->
