<?xml version="1.0" encoding="UTF-8"?>
<!-- Generated by org.testng.reporters.JUnitReportReporter -->
<testsuite hostname="wangxun" name="autotest.appautotest.testpiaowuandroid" tests="3" failures="0" timestamp="24 Sep 2015 09:55:46 GMT" time="140.639" errors="0">
  <testcase name="login" time="51.516" classname="autotest.appautotest.testpiaowuandroid"/>
  <testcase name="searchzz" time="45.285" classname="autotest.appautotest.testpiaowuandroid"/>
  <testcase name="enterMainPage" time="43.838" classname="autotest.appautotest.testpiaowuandroid"/>
</testsuite> <!-- autotest.appautotest.testpiaowuandroid -->
