<?xml version="1.0" encoding="UTF-8"?>
<!-- Generated by org.testng.reporters.JUnitReportReporter -->
<testsuite hostname="wangxun" name="testTicketWeb.baShi" tests="2" failures="0" timestamp="28 Oct 2015 06:47:31 GMT" time="120.710" errors="0">
  <testcase name="test000login" time="12.782" classname="testTicketWeb.baShi"/>
  <testcase name="test031editBaShiPiaoJia" time="107.928" classname="testTicketWeb.baShi"/>
</testsuite> <!-- testTicketWeb.baShi -->
