<?xml version="1.0" encoding="UTF-8"?>
<!-- Generated by org.testng.reporters.JUnitReportReporter -->
<testsuite hostname="troy-PC" name="autotest.appautotest.testa" tests="1" failures="0" timestamp="30 Oct 2015 15:23:37 GMT" time="30.920" errors="0">
  <testcase name="enterMainPage" time="30.920" classname="autotest.appautotest.testa"/>
</testsuite> <!-- autotest.appautotest.testa -->
