<?xml version="1.0" encoding="UTF-8"?>
<!-- Generated by org.testng.reporters.JUnitReportReporter -->
<testsuite hostname="wangxun" name="autotest.appautotest.testand" tests="1" failures="0" timestamp="2 Sep 2015 01:50:37 GMT" time="16.867" errors="0">
  <testcase name="test" time="16.867" classname="autotest.appautotest.testand"/>
</testsuite> <!-- autotest.appautotest.testand -->
