<?xml version="1.0" encoding="UTF-8"?>
<!-- Generated by org.testng.reporters.JUnitReportReporter -->
<testsuite hostname="wangxun" name="testTicketWeb.qiChe" tests="7" failures="0" timestamp="28 Oct 2015 06:00:49 GMT" time="69.127" errors="0">
  <testcase name="test021addQiCheZhan" time="12.516" classname="testTicketWeb.qiChe"/>
  <testcase name="test000login" time="9.914" classname="testTicketWeb.qiChe"/>
  <testcase name="test021addQiCheZhan" time="12.532" classname="testTicketWeb.qiChe"/>
  <testcase name="test020enterAddQiChePage" time="5.642" classname="testTicketWeb.qiChe"/>
  <testcase name="test021addQiCheZhan" time="3.257" classname="testTicketWeb.qiChe"/>
  <testcase name="test021addQiCheZhan" time="12.494" classname="testTicketWeb.qiChe"/>
  <testcase name="test021addQiCheZhan" time="12.772" classname="testTicketWeb.qiChe"/>
</testsuite> <!-- testTicketWeb.qiChe -->
