<?xml version="1.0" encoding="UTF-8"?>
<!-- Generated by org.testng.reporters.JUnitReportReporter -->
<testsuite hostname="troy-PC" name="autotest.appautotest.testand" tests="1" failures="0" timestamp="1 Sep 2015 05:01:27 GMT" time="28.351" errors="0">
  <testcase name="test" time="28.351" classname="autotest.appautotest.testand"/>
</testsuite> <!-- autotest.appautotest.testand -->
