<?xml version="1.0" encoding="UTF-8"?>
<!-- Generated by org.testng.reporters.JUnitReportReporter -->
<testsuite hostname="wangxun" name="NPAndroid.ad" tests="1" failures="0" timestamp="16 Nov 2015 08:58:24 GMT" time="48.982" errors="0">
  <testcase name="login" time="48.982" classname="NPAndroid.ad"/>
</testsuite> <!-- NPAndroid.ad -->
