<?xml version="1.0" encoding="UTF-8"?>
<!-- Generated by org.testng.reporters.JUnitReportReporter -->
<testsuite hostname="troy-PC" name="testTicketWeb.qiChe" tests="2" failures="0" timestamp="6 Nov 2015 13:08:22 GMT" time="9.179" errors="0">
  <testcase name="test000login" time="9.179" classname="testTicketWeb.qiChe"/>
  <testcase name="test012editQiChePiaoJia" time="0.000" classname="testTicketWeb.qiChe"/>
</testsuite> <!-- testTicketWeb.qiChe -->
