<?xml version="1.0" encoding="UTF-8"?>
<!-- Generated by org.testng.reporters.JUnitReportReporter -->
<testsuite hostname="troy-PC" name="testTicketWeb.baShi" tests="1" failures="0" timestamp="5 Nov 2015 15:30:43 GMT" time="5.851" errors="0">
  <testcase name="test000login" time="5.851" classname="testTicketWeb.baShi"/>
</testsuite> <!-- testTicketWeb.baShi -->
