<?xml version="1.0" encoding="UTF-8"?>
<!-- Generated by org.testng.reporters.JUnitReportReporter -->
<testsuite hostname="wangxun" name="autotest.appautotest.webtest" tests="1" failures="0" timestamp="30 Jun 2015 02:54:23 GMT" time="18.565" errors="0">
  <testcase name="addContact" time="18.565" classname="autotest.appautotest.webtest"/>
</testsuite> <!-- autotest.appautotest.webtest -->
