<?xml version="1.0" encoding="UTF-8"?>
<!-- Generated by org.testng.reporters.JUnitReportReporter -->
<testsuite hostname="troy-PC" name="testTicketWeb.qiChe" tests="4" failures="0" timestamp="6 Nov 2015 16:03:04 GMT" time="4.328" errors="0">
  <testcase name="test004login" time="0.000" classname="testTicketWeb.qiChe"/>
  <testcase name="test005login" time="0.001" classname="testTicketWeb.qiChe"/>
  <testcase name="test003login" time="0.001" classname="testTicketWeb.qiChe"/>
  <testcase name="test000login" time="4.326" classname="testTicketWeb.qiChe"/>
</testsuite> <!-- testTicketWeb.qiChe -->
