<?xml version="1.0" encoding="UTF-8"?>
<!-- Generated by org.testng.reporters.JUnitReportReporter -->
<testsuite hostname="troy-PC" name="testTicketWeb.qiChe" tests="1" failures="0" timestamp="18 Oct 2015 13:24:29 GMT" time="79.798" errors="0">
  <testcase name="test003editQiChePiaoJia" time="79.798" classname="testTicketWeb.qiChe"/>
</testsuite> <!-- testTicketWeb.qiChe -->
