<?xml version="1.0" encoding="UTF-8"?>
<!-- Generated by org.testng.reporters.JUnitReportReporter -->
<testsuite hostname="wangxun" name="autotest.appautotest.testand" tests="1" failures="0" timestamp="9 Sep 2015 09:21:05 GMT" time="18.700" errors="0">
  <testcase name="test" time="18.700" classname="autotest.appautotest.testand"/>
</testsuite> <!-- autotest.appautotest.testand -->
