<?xml version="1.0" encoding="UTF-8"?>
<!-- Generated by org.testng.reporters.JUnitReportReporter -->
<testsuite hostname="troy-PC" name="autotest.appautotest.testa" tests="1" failures="0" timestamp="23 Oct 2015 16:26:05 GMT" time="47.049" errors="0">
  <testcase name="login" time="47.049" classname="autotest.appautotest.testa"/>
</testsuite> <!-- autotest.appautotest.testa -->
