<?xml version="1.0" encoding="UTF-8"?>
<!-- Generated by org.testng.reporters.JUnitReportReporter -->
<testsuite hostname="spring-ma.achievo.com" name="autotest.appautotest.testIOS" tests="1" failures="0" timestamp="21 Oct 2015 10:18:22 GMT" time="66.172" errors="0">
  <testcase name="login" time="66.172" classname="autotest.appautotest.testIOS"/>
</testsuite> <!-- autotest.appautotest.testIOS -->
