<?xml version="1.0" encoding="UTF-8"?>
<!-- Generated by org.testng.reporters.JUnitReportReporter -->
<testsuite hostname="troy-PC" name="autotest.appautotest.test3" tests="1" failures="0" timestamp="3 Jul 2015 13:04:10 GMT" time="11.485" errors="0">
  <testcase name="rrr" time="11.485" classname="autotest.appautotest.test3"/>
</testsuite> <!-- autotest.appautotest.test3 -->
