<?xml version="1.0" encoding="UTF-8"?>
<!-- Generated by org.testng.reporters.JUnitReportReporter -->
<testsuite hostname="wangxun" name="autotest.appautotest.testweb" tests="1" failures="0" timestamp="28 Aug 2015 10:09:36 GMT" time="38.916" errors="0">
  <testcase name="test" time="38.916" classname="autotest.appautotest.testweb"/>
</testsuite> <!-- autotest.appautotest.testweb -->
