<?xml version="1.0" encoding="UTF-8"?>
<!-- Generated by org.testng.reporters.JUnitReportReporter -->
<testsuite hostname="wangxun" name="autotest.appautotest.testpiaowuandroid" tests="3" failures="0" timestamp="25 Sep 2015 01:15:31 GMT" time="141.561" errors="0">
  <testcase name="enterMainPage" time="39.450" classname="autotest.appautotest.testpiaowuandroid"/>
  <testcase name="searchzz" time="41.437" classname="autotest.appautotest.testpiaowuandroid"/>
  <testcase name="login" time="60.674" classname="autotest.appautotest.testpiaowuandroid"/>
</testsuite> <!-- autotest.appautotest.testpiaowuandroid -->
