<?xml version="1.0" encoding="UTF-8"?>
<!-- Generated by org.testng.reporters.JUnitReportReporter -->
<testsuite hostname="wangxun" name="NPAndroid.ad" tests="1" failures="0" timestamp="27 Oct 2015 05:48:10 GMT" time="51.986" errors="0">
  <testcase name="login" time="51.986" classname="NPAndroid.ad"/>
</testsuite> <!-- NPAndroid.ad -->
