<?xml version="1.0" encoding="UTF-8"?>
<!-- Generated by org.testng.reporters.JUnitReportReporter -->
<testsuite hostname="troy-PC" name="testTicketWeb.baShi" tests="4" failures="0" timestamp="10 Nov 2015 15:49:06 GMT" time="32.411" errors="0">
  <testcase name="test003login" time="0.000" classname="testTicketWeb.baShi"/>
  <testcase name="test000login" time="32.408" classname="testTicketWeb.baShi"/>
  <testcase name="test002login" time="0.002" classname="testTicketWeb.baShi"/>
  <testcase name="test004login" time="0.001" classname="testTicketWeb.baShi"/>
</testsuite> <!-- testTicketWeb.baShi -->
